<?xml version="1.0" encoding="UTF-8"?>
<!-- Generated by org.testng.reporters.JUnitReportReporter -->
<testsuite hostname="DESKTOP-OFMSG0D" failures="0" tests="1" name="api.test.StoreTests" time="2.919" errors="0" timestamp="2024-11-13T22:38:54 IST" skipped="0">
  <testcase classname="api.test.StoreTests" name="testStoreId" time="2.919"/>
</testsuite> <!-- api.test.StoreTests -->
