<?xml version="1.0" encoding="UTF-8"?>
<!-- Generated by org.testng.reporters.JUnitReportReporter -->
<testsuite hostname="DESKTOP-OFMSG0D" failures="0" tests="8" name="api.test.DdTest" time="11.425" errors="0" timestamp="2024-11-19T22:13:13 IST" skipped="0">
  <testcase classname="api.test.DdTest" name="testPostUser" time="1.086"/>
  <testcase classname="api.test.DdTest" name="testPostUser" time="3.647"/>
  <testcase classname="api.test.DdTest" name="testPostUser" time="1.135"/>
  <testcase classname="api.test.DdTest" name="testPostUser" time="1.069"/>
  <testcase classname="api.test.DdTest" name="testDeleteUser" time="1.142"/>
  <testcase classname="api.test.DdTest" name="testDeleteUser" time="1.200"/>
  <testcase classname="api.test.DdTest" name="testDeleteUser" time="1.066"/>
  <testcase classname="api.test.DdTest" name="testDeleteUser" time="1.080"/>
</testsuite> <!-- api.test.DdTest -->
